Построение начато 21.05.2014 21:38:21.
     1>Проект "C:\Users\Даниил\Documents\Visual Studio 2010\Projects\NonlinearEquations\NonlinearEquations\NonlinearEquations.vcxproj" в узле 2 (целевые объекты build).
     1>InitializeBuildStatus:
         Создание "Debug\NonlinearEquations.unsuccessfulbuild", так как было задано "AlwaysCreate".
       ClCompile:
         Для всех выходных данных обновления не требуется.
         C:\Program Files\Microsoft Visual Studio 10.0\VC\bin\CL.exe /c /ZI /nologo /W3 /WX- /Od /Oy- /D WIN32 /D _DEBUG /D _CONSOLE /D _UNICODE /D UNICODE /Gm /EHsc /RTC1 /MDd /GS /fp:precise /Zc:wchar_t /Zc:forScope /Yu"StdAfx.h" /Fp"Debug\NonlinearEquations.pch" /Fo"Debug\\" /Fd"Debug\vc100.pdb" /Gd /TP /analyze- /errorReport:prompt NonlinearEquations.cpp
         NonlinearEquations.cpp
       ManifestResourceCompile:
         Для всех выходных данных обновления не требуется.
       Link:
         C:\Program Files\Microsoft Visual Studio 10.0\VC\bin\link.exe /ERRORREPORT:PROMPT /OUT:"C:\Users\Даниил\Documents\Visual Studio 2010\Projects\NonlinearEquations\Debug\NonlinearEquations.exe" /INCREMENTAL /NOLOGO kernel32.lib user32.lib gdi32.lib winspool.lib comdlg32.lib advapi32.lib shell32.lib ole32.lib oleaut32.lib uuid.lib odbc32.lib odbccp32.lib /MANIFEST /ManifestFile:"Debug\NonlinearEquations.exe.intermediate.manifest" /MANIFESTUAC:"level='asInvoker' uiAccess='false'" /DEBUG /PDB:"C:\Users\Даниил\Documents\Visual Studio 2010\Projects\NonlinearEquations\Debug\NonlinearEquations.pdb" /SUBSYSTEM:CONSOLE /TLBID:1 /DYNAMICBASE /NXCOMPAT /IMPLIB:"C:\Users\Даниил\Documents\Visual Studio 2010\Projects\NonlinearEquations\Debug\NonlinearEquations.lib" /MACHINE:X86 Debug\NonlinearEquations.exe.embed.manifest.res
         Debug\NonlinearEquations.obj
         Debug\stdafx.obj
       Manifest:
         C:\Program Files\Microsoft SDKs\Windows\v7.0A\bin\mt.exe /nologo /verbose /out:"Debug\NonlinearEquations.exe.embed.manifest" /manifest Debug\NonlinearEquations.exe.intermediate.manifest
         Для всех выходных данных обновления не требуется.
       LinkEmbedManifest:
         Для всех выходных данных обновления не требуется.
         NonlinearEquations.vcxproj -> C:\Users\Даниил\Documents\Visual Studio 2010\Projects\NonlinearEquations\Debug\NonlinearEquations.exe
       FinalizeBuildStatus:
         Файл "Debug\NonlinearEquations.unsuccessfulbuild" удаляется.
         Обращение к "Debug\NonlinearEquations.lastbuildstate".
     1>Построение проекта "C:\Users\Даниил\Documents\Visual Studio 2010\Projects\NonlinearEquations\NonlinearEquations\NonlinearEquations.vcxproj" завершено (целевые объекты build).

Построение успешно завершено.

Затраченное время: 00:00:01.94
